<?xml version="1.0" encoding="UTF-8"?>
<testsuite name="TV Episode) |" tests="50" skipped="0" failures="0" errors="0" timestamp="2018-01-21T11:54:18" hostname="inarpits" time="333.968">
  <properties/>
  <testcase name="Given I am on IMDB home page(| Walking Dead | Walking Dead (2014) " classname="TV Episode) |" time="0.0"/>
  <testcase name="When I select TV Episodes in quick search dropdown(| Walking Dead | Walking Dead (2014) " classname="TV Episode) |" time="0.0"/>
  <testcase name="And I enter Walking Dead in search text box(| Walking Dead | Walking Dead (2014) " classname="TV Episode) |" time="0.0"/>
  <testcase name="And I click search button(| Walking Dead | Walking Dead (2014) " classname="TV Episode) |" time="0.0"/>
  <testcase name="Then I should see Walking Dead (2014) (TV Episode) in the search results(| Walking Dead | Walking Dead (2014) " classname="TV Episode) |" time="0.0"/>
  <testcase name="Given I am on IMDB home page(| Rick and Morty | Rick and Morty! PPG 2016! (2014) " classname="TV Episode) |" time="0.0"/>
  <testcase name="When I select TV Episodes in quick search dropdown(| Rick and Morty | Rick and Morty! PPG 2016! (2014) " classname="TV Episode) |" time="0.0"/>
  <testcase name="And I enter Rick and Morty in search text box(| Rick and Morty | Rick and Morty! PPG 2016! (2014) " classname="TV Episode) |" time="0.0"/>
  <testcase name="And I click search button(| Rick and Morty | Rick and Morty! PPG 2016! (2014) " classname="TV Episode) |" time="0.0"/>
  <testcase name="Then I should see Rick and Morty! PPG 2016! (2014) (TV Episode) in the search results(| Rick and Morty | Rick and Morty! PPG 2016! (2014) " classname="TV Episode) |" time="0.0"/>
  <testcase name="Given I am on IMDB home page(| The Good Doctor | The Good Doctor (2003) " classname="TV Episode) |" time="0.0"/>
  <testcase name="When I select TV Episodes in quick search dropdown(| The Good Doctor | The Good Doctor (2003) " classname="TV Episode) |" time="0.0"/>
  <testcase name="And I enter The Good Doctor in search text box(| The Good Doctor | The Good Doctor (2003) " classname="TV Episode) |" time="0.001"/>
  <testcase name="And I click search button(| The Good Doctor | The Good Doctor (2003) " classname="TV Episode) |" time="0.0"/>
  <testcase name="Then I should see The Good Doctor (2003) (TV Episode) in the search results(| The Good Doctor | The Good Doctor (2003) " classname="TV Episode) |" time="0.0"/>
  <testcase name="Given I am on IMDB home page(| Shameless | Shameless 'n' Andean (1997) " classname="TV Episode) |" time="0.0"/>
  <testcase name="When I select TV Episodes in quick search dropdown(| Shameless | Shameless 'n' Andean (1997) " classname="TV Episode) |" time="0.0"/>
  <testcase name="And I enter Shameless in search text box(| Shameless | Shameless 'n' Andean (1997) " classname="TV Episode) |" time="0.0"/>
  <testcase name="And I click search button(| Shameless | Shameless 'n' Andean (1997) " classname="TV Episode) |" time="0.0"/>
  <testcase name="Then I should see Shameless 'n' Andean (1997) (TV Episode) in the search results(| Shameless | Shameless 'n' Andean (1997) " classname="TV Episode) |" time="0.001"/>
  <testcase name="Given I am on IMDB home page(| Game Of Thrones | Game of Thrones Review: Battle of the Bastards - Season 6, Episode 9 (2016) " classname="TV Episode) |" time="0.0"/>
  <testcase name="When I select TV Episodes in quick search dropdown(| Game Of Thrones | Game of Thrones Review: Battle of the Bastards - Season 6, Episode 9 (2016) " classname="TV Episode) |" time="0.0"/>
  <testcase name="And I enter Game Of Thrones in search text box(| Game Of Thrones | Game of Thrones Review: Battle of the Bastards - Season 6, Episode 9 (2016) " classname="TV Episode) |" time="0.0"/>
  <testcase name="And I click search button(| Game Of Thrones | Game of Thrones Review: Battle of the Bastards - Season 6, Episode 9 (2016) " classname="TV Episode) |" time="0.0"/>
  <testcase name="Then I should see Game of Thrones Review: Battle of the Bastards - Season 6, Episode 9 (2016) (TV Episode) in the search results(| Game Of Thrones | Game of Thrones Review: Battle of the Bastards - Season 6, Episode 9 (2016) " classname="TV Episode) |" time="0.0"/>
  <testcase name="Given I am on IMDB home page(| Stranger Things | Stranger-er Things (2016) " classname="TV Episode) |" time="0.0"/>
  <testcase name="When I select TV Episodes in quick search dropdown(| Stranger Things | Stranger-er Things (2016) " classname="TV Episode) |" time="0.0"/>
  <testcase name="And I enter Stranger Things in search text box(| Stranger Things | Stranger-er Things (2016) " classname="TV Episode) |" time="0.0"/>
  <testcase name="And I click search button(| Stranger Things | Stranger-er Things (2016) " classname="TV Episode) |" time="0.0"/>
  <testcase name="Then I should see Stranger-er Things (2016) (TV Episode) in the search results(| Stranger Things | Stranger-er Things (2016) " classname="TV Episode) |" time="0.0"/>
  <testcase name="Given I am on IMDB home page(| Big Little Lies | Big Lies, Little Lies (2011) " classname="TV Episode) |" time="0.0"/>
  <testcase name="When I select TV Episodes in quick search dropdown(| Big Little Lies | Big Lies, Little Lies (2011) " classname="TV Episode) |" time="0.0"/>
  <testcase name="And I enter Big Little Lies in search text box(| Big Little Lies | Big Lies, Little Lies (2011) " classname="TV Episode) |" time="0.0"/>
  <testcase name="And I click search button(| Big Little Lies | Big Lies, Little Lies (2011) " classname="TV Episode) |" time="0.0"/>
  <testcase name="Then I should see Big Lies, Little Lies (2011) (TV Episode) in the search results(| Big Little Lies | Big Lies, Little Lies (2011) " classname="TV Episode) |" time="0.0"/>
  <testcase name="Given I am on IMDB home page(| Attack on Titan | Attack on Titan: Part 1 (2014) " classname="TV Episode) |" time="0.0"/>
  <testcase name="When I select TV Episodes in quick search dropdown(| Attack on Titan | Attack on Titan: Part 1 (2014) " classname="TV Episode) |" time="0.0"/>
  <testcase name="And I enter Attack on Titan in search text box(| Attack on Titan | Attack on Titan: Part 1 (2014) " classname="TV Episode) |" time="0.0"/>
  <testcase name="And I click search button(| Attack on Titan | Attack on Titan: Part 1 (2014) " classname="TV Episode) |" time="0.0"/>
  <testcase name="Then I should see Attack on Titan: Part 1 (2014) (TV Episode) in the search results(| Attack on Titan | Attack on Titan: Part 1 (2014) " classname="TV Episode) |" time="0.0"/>
  <testcase name="Given I am on IMDB home page(| The Wire | On the Wire (2002) " classname="TV Episode) |" time="0.0"/>
  <testcase name="When I select TV Episodes in quick search dropdown(| The Wire | On the Wire (2002) " classname="TV Episode) |" time="0.0"/>
  <testcase name="And I enter The Wire in search text box(| The Wire | On the Wire (2002) " classname="TV Episode) |" time="0.0"/>
  <testcase name="And I click search button(| The Wire | On the Wire (2002) " classname="TV Episode) |" time="0.0"/>
  <testcase name="Then I should see On the Wire (2002) (TV Episode) in the search results(| The Wire | On the Wire (2002) " classname="TV Episode) |" time="0.0"/>
  <testcase name="Given I am on IMDB home page(| Cosmos | Cosmoscope (2002) " classname="TV Episode) |" time="0.0"/>
  <testcase name="When I select TV Episodes in quick search dropdown(| Cosmos | Cosmoscope (2002) " classname="TV Episode) |" time="0.0"/>
  <testcase name="And I enter Cosmos in search text box(| Cosmos | Cosmoscope (2002) " classname="TV Episode) |" time="0.0"/>
  <testcase name="And I click search button(| Cosmos | Cosmoscope (2002) " classname="TV Episode) |" time="0.0"/>
  <testcase name="Then I should see Cosmoscope (2002) (TV Episode) in the search results(| Cosmos | Cosmoscope (2002) " classname="TV Episode) |" time="0.0"/>
  <system-out><![CDATA[]]></system-out>
  <system-err><![CDATA[]]></system-err>
</testsuite>
