<?xml version="1.0" encoding="UTF-8"?>
<testsuite name="TV Episode) |" tests="50" skipped="1" failures="1" errors="0" timestamp="2018-01-22T03:12:31" hostname="inarpits.local" time="1130.461">
  <properties/>
  <testcase name="Given I am on IMDB home page(| Walking Dead | Walking Dead (2014) " classname="TV Episode) |" time="0.0"/>
  <testcase name="When I select TV Episodes in quick search dropdown(| Walking Dead | Walking Dead (2014) " classname="TV Episode) |" time="0.0"/>
  <testcase name="And I enter Walking Dead in search text box(| Walking Dead | Walking Dead (2014) " classname="TV Episode) |" time="0.0"/>
  <testcase name="And I click search button(| Walking Dead | Walking Dead (2014) " classname="TV Episode) |" time="0.0"/>
  <testcase name="Then I should see Walking Dead (2014) (TV Episode) in the search results(| Walking Dead | Walking Dead (2014) " classname="TV Episode) |" time="0.0"/>
  <testcase name="Given I am on IMDB home page(| Rick and Morty | Rick and Morty! PPG 2016! (2014) " classname="TV Episode) |" time="0.0"/>
  <testcase name="When I select TV Episodes in quick search dropdown(| Rick and Morty | Rick and Morty! PPG 2016! (2014) " classname="TV Episode) |" time="0.0"/>
  <testcase name="And I enter Rick and Morty in search text box(| Rick and Morty | Rick and Morty! PPG 2016! (2014) " classname="TV Episode) |" time="0.0"/>
  <testcase name="And I click search button(| Rick and Morty | Rick and Morty! PPG 2016! (2014) " classname="TV Episode) |" time="0.0"/>
  <testcase name="Then I should see Rick and Morty! PPG 2016! (2014) (TV Episode) in the search results(| Rick and Morty | Rick and Morty! PPG 2016! (2014) " classname="TV Episode) |" time="0.0"/>
  <testcase name="Given I am on IMDB home page(| The Good Doctor | The Good Doctor (2003) " classname="TV Episode) |" time="0.0"/>
  <testcase name="When I select TV Episodes in quick search dropdown(| The Good Doctor | The Good Doctor (2003) " classname="TV Episode) |" time="0.0"/>
  <testcase name="And I enter The Good Doctor in search text box(| The Good Doctor | The Good Doctor (2003) " classname="TV Episode) |" time="0.001"/>
  <testcase name="And I click search button(| The Good Doctor | The Good Doctor (2003) " classname="TV Episode) |" time="0.0"/>
  <testcase name="Then I should see The Good Doctor (2003) (TV Episode) in the search results(| The Good Doctor | The Good Doctor (2003) " classname="TV Episode) |" time="0.0"/>
  <testcase name="Given I am on IMDB home page(| Shameless | Shameless 'n' Andean (1997) " classname="TV Episode) |" time="0.0"/>
  <testcase name="When I select TV Episodes in quick search dropdown(| Shameless | Shameless 'n' Andean (1997) " classname="TV Episode) |" time="0.0"/>
  <testcase name="And I enter Shameless in search text box(| Shameless | Shameless 'n' Andean (1997) " classname="TV Episode) |" time="0.0"/>
  <testcase name="And I click search button(| Shameless | Shameless 'n' Andean (1997) " classname="TV Episode) |" time="0.0"/>
  <testcase name="Then I should see Shameless 'n' Andean (1997) (TV Episode) in the search results(| Shameless | Shameless 'n' Andean (1997) " classname="TV Episode) |" time="0.0"/>
  <testcase name="Given I am on IMDB home page(| Game Of Thrones | Game of Thrones Review: Battle of the Bastards - Season 6, Episode 9 (2016) " classname="TV Episode) |" time="0.0"/>
  <testcase name="When I select TV Episodes in quick search dropdown(| Game Of Thrones | Game of Thrones Review: Battle of the Bastards - Season 6, Episode 9 (2016) " classname="TV Episode) |" time="0.0"/>
  <testcase name="And I enter Game Of Thrones in search text box(| Game Of Thrones | Game of Thrones Review: Battle of the Bastards - Season 6, Episode 9 (2016) " classname="TV Episode) |" time="0.0"/>
  <testcase name="And I click search button(| Game Of Thrones | Game of Thrones Review: Battle of the Bastards - Season 6, Episode 9 (2016) " classname="TV Episode) |" time="0.0"/>
  <testcase name="Then I should see Game of Thrones Review: Battle of the Bastards - Season 6, Episode 9 (2016) (TV Episode) in the search results(| Game Of Thrones | Game of Thrones Review: Battle of the Bastards - Season 6, Episode 9 (2016) " classname="TV Episode) |" time="0.0"/>
  <testcase name="Given I am on IMDB home page(| Stranger Things | Stranger-er Things (2016) " classname="TV Episode) |" time="0.001"/>
  <testcase name="When I select TV Episodes in quick search dropdown(| Stranger Things | Stranger-er Things (2016) " classname="TV Episode) |" time="0.0"/>
  <testcase name="And I enter Stranger Things in search text box(| Stranger Things | Stranger-er Things (2016) " classname="TV Episode) |" time="0.0"/>
  <testcase name="And I click search button(| Stranger Things | Stranger-er Things (2016) " classname="TV Episode) |" time="0.0"/>
  <testcase name="Then I should see Stranger-er Things (2016) (TV Episode) in the search results(| Stranger Things | Stranger-er Things (2016) " classname="TV Episode) |" time="0.0"/>
  <testcase name="Given I am on IMDB home page(| Big Little Lies | Big Lies, Little Lies (2011) " classname="TV Episode) |" time="0.0"/>
  <testcase name="When I select TV Episodes in quick search dropdown(| Big Little Lies | Big Lies, Little Lies (2011) " classname="TV Episode) |" time="0.0"/>
  <testcase name="And I enter Big Little Lies in search text box(| Big Little Lies | Big Lies, Little Lies (2011) " classname="TV Episode) |" time="0.0"/>
  <testcase name="And I click search button(| Big Little Lies | Big Lies, Little Lies (2011) " classname="TV Episode) |" time="0.001">
    <failure message="net.serenitybdd.core.exceptions.SerenityWebDriverException: unknown error: Element &lt;button id=&quot;navbar-submit-button&quot; class=&quot;primary btn&quot; type=&quot;submit&quot;&gt;...&lt;/button&gt; is not clickable at point (789, 38). Other element would receive the click: &lt;div class=&quot;video-player__header-internal&quot; data-reactid=&quot;.1.1.0.0.0.0.0.$=1$header.0&quot;&gt;...&lt;/div&gt;&#10;  (Session info: chrome=63.0.3239.132)&#10;  (Driver info: chromedriver=2.33.506106 (8a06c39c4582fbfbab6966dbb1c38a9173bfb1a2),platform=Mac OS X 10.13.2 x86_64) (WARNING: The server did not provide any stacktrace information)&#10;Command duration or timeout: 25 milliseconds&#10;Build info: version: '2.46.0', revision: '61506a4624b13675f24581e453592342b7485d71', time: '2015-06-04 10:22:50'&#10;System info: host: 'inarpits.local', ip: '192.168.1.2', os.name: 'Mac OS X', os.arch: 'x86_64', os.version: '10.13.2', java.version: '1.8.0_131'&#10;Driver info: org.openqa.selenium.chrome.ChromeDriver&#10;Capabilities [{applicationCacheEnabled=false, rotatable=false, mobileEmulationEnabled=false, networkConnectionEnabled=false, chrome={chromedriverVersion=2.33.506106 (8a06c39c4582fbfbab6966dbb1c38a9173bfb1a2), userDataDir=/var/folders/gx/h7w3x5k10f3bd79nq3mxtpsh0000gp/T/.org.chromium.Chromium.VG7lY1}, takesHeapSnapshot=true, pageLoadStrategy=normal, databaseEnabled=false, handlesAlerts=true, hasTouchScreen=false, version=63.0.3239.132, platform=MAC, browserConnectionEnabled=false, nativeEvents=true, acceptSslCerts=true, locationContextEnabled=true, webStorageEnabled=true, browserName=chrome, takesScreenshot=true, javascriptEnabled=true, cssSelectorsEnabled=true, setWindowRect=true, unexpectedAlertBehaviour=}]&#10;Session ID: b47d7bc4d9c3245476e7377a839c75f0" type="net.serenitybdd.core.exceptions.SerenityWebDriverException">net.serenitybdd.core.exceptions.SerenityWebDriverException: unknown error: Element &lt;button id=&quot;navbar-submit-button&quot; class=&quot;primary btn&quot; type=&quot;submit&quot;&gt;...&lt;/button&gt; is not clickable at point (789, 38). Other element would receive the click: &lt;div class=&quot;video-player__header-internal&quot; data-reactid=&quot;.1.1.0.0.0.0.0.$=1$header.0&quot;&gt;...&lt;/div&gt;
  (Session info: chrome=63.0.3239.132)
  (Driver info: chromedriver=2.33.506106 (8a06c39c4582fbfbab6966dbb1c38a9173bfb1a2),platform=Mac OS X 10.13.2 x86_64) (WARNING: The server did not provide any stacktrace information)
Command duration or timeout: 25 milliseconds
Build info: version: '2.46.0', revision: '61506a4624b13675f24581e453592342b7485d71', time: '2015-06-04 10:22:50'
System info: host: 'inarpits.local', ip: '192.168.1.2', os.name: 'Mac OS X', os.arch: 'x86_64', os.version: '10.13.2', java.version: '1.8.0_131'
Driver info: org.openqa.selenium.chrome.ChromeDriver
Capabilities [{applicationCacheEnabled=false, rotatable=false, mobileEmulationEnabled=false, networkConnectionEnabled=false, chrome={chromedriverVersion=2.33.506106 (8a06c39c4582fbfbab6966dbb1c38a9173bfb1a2), userDataDir=/var/folders/gx/h7w3x5k10f3bd79nq3mxtpsh0000gp/T/.org.chromium.Chromium.VG7lY1}, takesHeapSnapshot=true, pageLoadStrategy=normal, databaseEnabled=false, handlesAlerts=true, hasTouchScreen=false, version=63.0.3239.132, platform=MAC, browserConnectionEnabled=false, nativeEvents=true, acceptSslCerts=true, locationContextEnabled=true, webStorageEnabled=true, browserName=chrome, takesScreenshot=true, javascriptEnabled=true, cssSelectorsEnabled=true, setWindowRect=true, unexpectedAlertBehaviour=}]
Session ID: b47d7bc4d9c3245476e7377a839c75f0
	at sun.reflect.NativeConstructorAccessorImpl.newInstance0(Native Method)
	at sun.reflect.NativeConstructorAccessorImpl.newInstance(NativeConstructorAccessorImpl.java:62)
	at sun.reflect.DelegatingConstructorAccessorImpl.newInstance(DelegatingConstructorAccessorImpl.java:45)
	at java.lang.reflect.Constructor.newInstance(Constructor.java:423)
	at org.openqa.selenium.remote.ErrorHandler.createThrowable(ErrorHandler.java:204)
	at org.openqa.selenium.remote.ErrorHandler.throwIfResponseFailed(ErrorHandler.java:156)
	at org.openqa.selenium.remote.RemoteWebDriver.execute(RemoteWebDriver.java:605)
	at org.openqa.selenium.remote.RemoteWebElement.execute(RemoteWebElement.java:269)
	at org.openqa.selenium.remote.RemoteWebElement.click(RemoteWebElement.java:80)
	at net.serenitybdd.core.pages.WebElementFacadeImpl.click(WebElementFacadeImpl.java:979)
	at sun.reflect.NativeMethodAccessorImpl.invoke0(Native Method)
	at sun.reflect.NativeMethodAccessorImpl.invoke(NativeMethodAccessorImpl.java:62)
	at sun.reflect.DelegatingMethodAccessorImpl.invoke(DelegatingMethodAccessorImpl.java:43)
	at java.lang.reflect.Method.invoke(Method.java:498)
	at net.thucydides.core.annotations.locators.AbstractSingleItemHandler.invoke(AbstractSingleItemHandler.java:46)
	at com.sun.proxy.$Proxy30.click(Unknown Source)
	at pages.ImdbHomePage.click_search_button(ImdbHomePage.java:39)
	at steps.SearchContentSteps.clickSearchButton(SearchContentSteps.java:34)
	at steps.SearchContentSteps$$EnhancerByCGLIB$$f6355db7.CGLIB$clickSearchButton$3(&lt;generated&gt;)
	at steps.SearchContentSteps$$EnhancerByCGLIB$$f6355db7$$FastClassByCGLIB$$74d867f.invoke(&lt;generated&gt;)
	at net.sf.cglib.proxy.MethodProxy.invokeSuper(MethodProxy.java:228)
	at net.thucydides.core.steps.StepInterceptor.invokeMethod(StepInterceptor.java:329)
	at net.thucydides.core.steps.StepInterceptor.executeTestStepMethod(StepInterceptor.java:314)
	at net.thucydides.core.steps.StepInterceptor.runTestStep(StepInterceptor.java:291)
	at net.thucydides.core.steps.StepInterceptor.testStepResult(StepInterceptor.java:134)
	at net.thucydides.core.steps.StepInterceptor.intercept(StepInterceptor.java:61)
	at steps.SearchContentSteps$$EnhancerByCGLIB$$f6355db7.clickSearchButton(&lt;generated&gt;)
	at com.seneity.assignment.SearchSteps.iClickSearchButton(SearchSteps.java:38)
	at sun.reflect.NativeMethodAccessorImpl.invoke0(Native Method)
	at sun.reflect.NativeMethodAccessorImpl.invoke(NativeMethodAccessorImpl.java:62)
	at sun.reflect.DelegatingMethodAccessorImpl.invoke(DelegatingMethodAccessorImpl.java:43)
	at java.lang.reflect.Method.invoke(Method.java:498)
	at cucumber.runtime.Utils$1.call(Utils.java:40)
	at cucumber.runtime.Timeout.timeout(Timeout.java:16)
	at cucumber.runtime.Utils.invoke(Utils.java:34)
	at cucumber.runtime.java.JavaStepDefinition.execute(JavaStepDefinition.java:38)
	at cucumber.runtime.StepDefinitionMatch.runStep(StepDefinitionMatch.java:37)
	at cucumber.runtime.Runtime.runStep(Runtime.java:300)
	at cucumber.runtime.model.StepContainer.runStep(StepContainer.java:44)
	at cucumber.runtime.model.StepContainer.runSteps(StepContainer.java:39)
	at cucumber.runtime.model.CucumberScenario.run(CucumberScenario.java:44)
	at cucumber.runtime.junit.ExecutionUnitRunner.run(ExecutionUnitRunner.java:102)
	at org.junit.runners.Suite.runChild(Suite.java:128)
	at org.junit.runners.Suite.runChild(Suite.java:27)
	at org.junit.runners.ParentRunner$3.run(ParentRunner.java:290)
	at org.junit.runners.ParentRunner$1.schedule(ParentRunner.java:71)
	at org.junit.runners.ParentRunner.runChildren(ParentRunner.java:288)
	at org.junit.runners.ParentRunner.access$000(ParentRunner.java:58)
	at org.junit.runners.ParentRunner$2.evaluate(ParentRunner.java:268)
	at org.junit.runners.ParentRunner.run(ParentRunner.java:363)
	at cucumber.runtime.junit.ExamplesRunner.run(ExamplesRunner.java:59)
	at org.junit.runners.Suite.runChild(Suite.java:128)
	at org.junit.runners.Suite.runChild(Suite.java:27)
	at org.junit.runners.ParentRunner$3.run(ParentRunner.java:290)
	at org.junit.runners.ParentRunner$1.schedule(ParentRunner.java:71)
	at org.junit.runners.ParentRunner.runChildren(ParentRunner.java:288)
	at org.junit.runners.ParentRunner.access$000(ParentRunner.java:58)
	at org.junit.runners.ParentRunner$2.evaluate(ParentRunner.java:268)
	at org.junit.runners.ParentRunner.run(ParentRunner.java:363)
	at cucumber.runtime.junit.ScenarioOutlineRunner.run(ScenarioOutlineRunner.java:53)
	at cucumber.runtime.junit.FeatureRunner.runChild(FeatureRunner.java:63)
	at cucumber.runtime.junit.FeatureRunner.runChild(FeatureRunner.java:18)
	at org.junit.runners.ParentRunner$3.run(ParentRunner.java:290)
	at org.junit.runners.ParentRunner$1.schedule(ParentRunner.java:71)
	at org.junit.runners.ParentRunner.runChildren(ParentRunner.java:288)
	at org.junit.runners.ParentRunner.access$000(ParentRunner.java:58)
	at org.junit.runners.ParentRunner$2.evaluate(ParentRunner.java:268)
	at org.junit.runners.ParentRunner.run(ParentRunner.java:363)
	at cucumber.runtime.junit.FeatureRunner.run(FeatureRunner.java:70)
	at cucumber.api.junit.Cucumber.runChild(Cucumber.java:95)
	at cucumber.api.junit.Cucumber.runChild(Cucumber.java:38)
	at org.junit.runners.ParentRunner$3.run(ParentRunner.java:290)
	at org.junit.runners.ParentRunner$1.schedule(ParentRunner.java:71)
	at org.junit.runners.ParentRunner.runChildren(ParentRunner.java:288)
	at org.junit.runners.ParentRunner.access$000(ParentRunner.java:58)
	at org.junit.runners.ParentRunner$2.evaluate(ParentRunner.java:268)
	at org.junit.runners.ParentRunner.run(ParentRunner.java:363)
	at cucumber.api.junit.Cucumber.run(Cucumber.java:100)
	at org.gradle.api.internal.tasks.testing.junit.JUnitTestClassExecuter.runTestClass(JUnitTestClassExecuter.java:114)
	at org.gradle.api.internal.tasks.testing.junit.JUnitTestClassExecuter.execute(JUnitTestClassExecuter.java:57)
	at org.gradle.api.internal.tasks.testing.junit.JUnitTestClassProcessor.processTestClass(JUnitTestClassProcessor.java:66)
	at org.gradle.api.internal.tasks.testing.SuiteTestClassProcessor.processTestClass(SuiteTestClassProcessor.java:51)
	at sun.reflect.NativeMethodAccessorImpl.invoke0(Native Method)
	at sun.reflect.NativeMethodAccessorImpl.invoke(NativeMethodAccessorImpl.java:62)
	at sun.reflect.DelegatingMethodAccessorImpl.invoke(DelegatingMethodAccessorImpl.java:43)
	at java.lang.reflect.Method.invoke(Method.java:498)
	at org.gradle.internal.dispatch.ReflectionDispatch.dispatch(ReflectionDispatch.java:35)
	at org.gradle.internal.dispatch.ReflectionDispatch.dispatch(ReflectionDispatch.java:24)
	at org.gradle.internal.dispatch.ContextClassLoaderDispatch.dispatch(ContextClassLoaderDispatch.java:32)
	at org.gradle.internal.dispatch.ProxyDispatchAdapter$DispatchingInvocationHandler.invoke(ProxyDispatchAdapter.java:93)
	at com.sun.proxy.$Proxy3.processTestClass(Unknown Source)
	at org.gradle.api.internal.tasks.testing.worker.TestWorker.processTestClass(TestWorker.java:109)
	at sun.reflect.NativeMethodAccessorImpl.invoke0(Native Method)
	at sun.reflect.NativeMethodAccessorImpl.invoke(NativeMethodAccessorImpl.java:62)
	at sun.reflect.DelegatingMethodAccessorImpl.invoke(DelegatingMethodAccessorImpl.java:43)
	at java.lang.reflect.Method.invoke(Method.java:498)
	at org.gradle.internal.dispatch.ReflectionDispatch.dispatch(ReflectionDispatch.java:35)
	at org.gradle.internal.dispatch.ReflectionDispatch.dispatch(ReflectionDispatch.java:24)
	at org.gradle.internal.remote.internal.hub.MessageHubBackedObjectConnection$DispatchWrapper.dispatch(MessageHubBackedObjectConnection.java:146)
	at org.gradle.internal.remote.internal.hub.MessageHubBackedObjectConnection$DispatchWrapper.dispatch(MessageHubBackedObjectConnection.java:128)
	at org.gradle.internal.remote.internal.hub.MessageHub$Handler.run(MessageHub.java:404)
	at org.gradle.internal.concurrent.ExecutorPolicy$CatchAndRecordFailures.onExecute(ExecutorPolicy.java:63)
	at org.gradle.internal.concurrent.StoppableExecutorImpl$1.run(StoppableExecutorImpl.java:46)
	at java.util.concurrent.ThreadPoolExecutor.runWorker(ThreadPoolExecutor.java:1142)
	at java.util.concurrent.ThreadPoolExecutor$Worker.run(ThreadPoolExecutor.java:617)
	at org.gradle.internal.concurrent.ThreadFactoryImpl$ManagedThreadRunnable.run(ThreadFactoryImpl.java:55)
	at java.lang.Thread.run(Thread.java:748)
</failure>
  </testcase>
  <testcase name="Then I should see Big Lies, Little Lies (2011) (TV Episode) in the search results(| Big Little Lies | Big Lies, Little Lies (2011) " classname="TV Episode) |" time="0.0">
    <skipped/>
  </testcase>
  <testcase name="Given I am on IMDB home page(| Attack on Titan | Attack on Titan: Part 1 (2014) " classname="TV Episode) |" time="0.0"/>
  <testcase name="When I select TV Episodes in quick search dropdown(| Attack on Titan | Attack on Titan: Part 1 (2014) " classname="TV Episode) |" time="0.0"/>
  <testcase name="And I enter Attack on Titan in search text box(| Attack on Titan | Attack on Titan: Part 1 (2014) " classname="TV Episode) |" time="0.0"/>
  <testcase name="And I click search button(| Attack on Titan | Attack on Titan: Part 1 (2014) " classname="TV Episode) |" time="0.0"/>
  <testcase name="Then I should see Attack on Titan: Part 1 (2014) (TV Episode) in the search results(| Attack on Titan | Attack on Titan: Part 1 (2014) " classname="TV Episode) |" time="0.0"/>
  <testcase name="Given I am on IMDB home page(| The Wire | On the Wire (2002) " classname="TV Episode) |" time="0.0"/>
  <testcase name="When I select TV Episodes in quick search dropdown(| The Wire | On the Wire (2002) " classname="TV Episode) |" time="0.0"/>
  <testcase name="And I enter The Wire in search text box(| The Wire | On the Wire (2002) " classname="TV Episode) |" time="0.0"/>
  <testcase name="And I click search button(| The Wire | On the Wire (2002) " classname="TV Episode) |" time="0.0"/>
  <testcase name="Then I should see On the Wire (2002) (TV Episode) in the search results(| The Wire | On the Wire (2002) " classname="TV Episode) |" time="0.0"/>
  <testcase name="Given I am on IMDB home page(| Cosmos | Cosmoscope (2002) " classname="TV Episode) |" time="0.0"/>
  <testcase name="When I select TV Episodes in quick search dropdown(| Cosmos | Cosmoscope (2002) " classname="TV Episode) |" time="0.0"/>
  <testcase name="And I enter Cosmos in search text box(| Cosmos | Cosmoscope (2002) " classname="TV Episode) |" time="0.0"/>
  <testcase name="And I click search button(| Cosmos | Cosmoscope (2002) " classname="TV Episode) |" time="0.0"/>
  <testcase name="Then I should see Cosmoscope (2002) (TV Episode) in the search results(| Cosmos | Cosmoscope (2002) " classname="TV Episode) |" time="0.0"/>
  <system-out><![CDATA[]]></system-out>
  <system-err><![CDATA[]]></system-err>
</testsuite>
