<?xml version="1.0" encoding="UTF-8"?>
<testsuite name="Scenario: Registration to IMDb website" tests="11" skipped="0" failures="0" errors="0" timestamp="2018-01-21T11:52:08" hostname="inarpits" time="53.907">
  <properties/>
  <testcase name="Given I am on IMDB home page" classname="Scenario: Registration to IMDb website" time="0.001"/>
  <testcase name="When I click Other Sign in options" classname="Scenario: Registration to IMDb website" time="0.0"/>
  <testcase name="And I click Create a New Account" classname="Scenario: Registration to IMDb website" time="0.0"/>
  <testcase name="And I enter name in First Name textbox" classname="Scenario: Registration to IMDb website" time="0.0"/>
  <testcase name="And I enter email in Email textbox" classname="Scenario: Registration to IMDb website" time="0.0"/>
  <testcase name="And I enter Password in password textbox" classname="Scenario: Registration to IMDb website" time="0.0"/>
  <testcase name="And I enter password again in Re-enter password textbox" classname="Scenario: Registration to IMDb website" time="0.0"/>
  <testcase name="And I click Create your IMDb account button" classname="Scenario: Registration to IMDb website" time="0.0"/>
  <testcase name="Then I should get logged in to my account" classname="Scenario: Registration to IMDb website" time="0.001"/>
  <testcase name="And I log out of the application" classname="Scenario: Registration to IMDb website" time="0.0"/>
  <testcase name="classMethod" classname="Scenario: Registration to IMDb website" time="70.191"/>
  <system-out><![CDATA[]]></system-out>
  <system-err><![CDATA[[Test worker] INFO net.serenitybdd.core.Serenity - 
  _____ _____ ____ _____   ____ _____  _    ____ _____ _____ ____  
 |_   _| ____/ ___|_   _| / ___|_   _|/ \  |  _ \_   _| ____|  _ \ 
   | | |  _| \___ \ | |   \___ \ | | / _ \ | |_) || | |  _| | | | |
   | | | |___ ___) || |    ___) || |/ ___ \|  _ < | | | |___| |_| |
   |_| |_____|____/ |_|   |____/ |_/_/   \_\_| \_\|_| |_____|____/ 
                                                                   

TEST STARTED: Registration to IMDb website
--------------------------------------------------------------------
[Test worker] WARN net.thucydides.core.reflection.StackTraceAnalyser - Failed to load class during Stack analysis: org.gradle.api.internal.tasks.testing.junit.JUnitTestClassExecuter
[Test worker] WARN net.thucydides.core.reflection.StackTraceAnalyser - Failed to load class during Stack analysis: org.gradle.api.internal.tasks.testing.junit.JUnitTestClassExecuter
[Test worker] WARN net.thucydides.core.reflection.StackTraceAnalyser - Failed to load class during Stack analysis: org.gradle.api.internal.tasks.testing.junit.JUnitTestClassProcessor
[Test worker] WARN net.thucydides.core.reflection.StackTraceAnalyser - Failed to load class during Stack analysis: org.gradle.api.internal.tasks.testing.SuiteTestClassProcessor
[Test worker] WARN net.thucydides.core.reflection.StackTraceAnalyser - Failed to load class during Stack analysis: org.gradle.internal.dispatch.ReflectionDispatch
[Test worker] WARN net.thucydides.core.reflection.StackTraceAnalyser - Failed to load class during Stack analysis: org.gradle.internal.dispatch.ReflectionDispatch
[Test worker] WARN net.thucydides.core.reflection.StackTraceAnalyser - Failed to load class during Stack analysis: org.gradle.internal.dispatch.ContextClassLoaderDispatch
[Test worker] WARN net.thucydides.core.reflection.StackTraceAnalyser - Failed to load class during Stack analysis: org.gradle.internal.dispatch.ProxyDispatchAdapter$DispatchingInvocationHandler
[Test worker] WARN net.thucydides.core.reflection.StackTraceAnalyser - Failed to load class during Stack analysis: com.sun.proxy.$Proxy3
[Test worker] WARN net.thucydides.core.reflection.StackTraceAnalyser - Failed to load class during Stack analysis: org.gradle.api.internal.tasks.testing.worker.TestWorker
[Test worker] WARN net.thucydides.core.reflection.StackTraceAnalyser - Failed to load class during Stack analysis: org.gradle.internal.dispatch.ReflectionDispatch
[Test worker] WARN net.thucydides.core.reflection.StackTraceAnalyser - Failed to load class during Stack analysis: org.gradle.internal.dispatch.ReflectionDispatch
[Test worker] WARN net.thucydides.core.reflection.StackTraceAnalyser - Failed to load class during Stack analysis: org.gradle.internal.remote.internal.hub.MessageHubBackedObjectConnection$DispatchWrapper
[Test worker] WARN net.thucydides.core.reflection.StackTraceAnalyser - Failed to load class during Stack analysis: org.gradle.internal.remote.internal.hub.MessageHubBackedObjectConnection$DispatchWrapper
[Test worker] WARN net.thucydides.core.reflection.StackTraceAnalyser - Failed to load class during Stack analysis: org.gradle.internal.remote.internal.hub.MessageHub$Handler
[Test worker] WARN net.thucydides.core.reflection.StackTraceAnalyser - Failed to load class during Stack analysis: org.gradle.internal.concurrent.ExecutorPolicy$CatchAndRecordFailures
[Test worker] WARN net.thucydides.core.reflection.StackTraceAnalyser - Failed to load class during Stack analysis: org.gradle.internal.concurrent.StoppableExecutorImpl$1
[Test worker] WARN net.thucydides.core.reflection.StackTraceAnalyser - Failed to load class during Stack analysis: org.gradle.internal.concurrent.ThreadFactoryImpl$ManagedThreadRunnable
[Test worker] WARN net.thucydides.core.reflection.StackTraceAnalyser - Failed to load class during Stack analysis: org.gradle.api.internal.tasks.testing.junit.JUnitTestClassExecuter
[Test worker] WARN net.thucydides.core.reflection.StackTraceAnalyser - Failed to load class during Stack analysis: org.gradle.api.internal.tasks.testing.junit.JUnitTestClassExecuter
[Test worker] WARN net.thucydides.core.reflection.StackTraceAnalyser - Failed to load class during Stack analysis: org.gradle.api.internal.tasks.testing.junit.JUnitTestClassProcessor
[Test worker] WARN net.thucydides.core.reflection.StackTraceAnalyser - Failed to load class during Stack analysis: org.gradle.api.internal.tasks.testing.SuiteTestClassProcessor
[Test worker] WARN net.thucydides.core.reflection.StackTraceAnalyser - Failed to load class during Stack analysis: org.gradle.internal.dispatch.ReflectionDispatch
[Test worker] WARN net.thucydides.core.reflection.StackTraceAnalyser - Failed to load class during Stack analysis: org.gradle.internal.dispatch.ReflectionDispatch
[Test worker] WARN net.thucydides.core.reflection.StackTraceAnalyser - Failed to load class during Stack analysis: org.gradle.internal.dispatch.ContextClassLoaderDispatch
[Test worker] WARN net.thucydides.core.reflection.StackTraceAnalyser - Failed to load class during Stack analysis: org.gradle.internal.dispatch.ProxyDispatchAdapter$DispatchingInvocationHandler
[Test worker] WARN net.thucydides.core.reflection.StackTraceAnalyser - Failed to load class during Stack analysis: com.sun.proxy.$Proxy3
[Test worker] WARN net.thucydides.core.reflection.StackTraceAnalyser - Failed to load class during Stack analysis: org.gradle.api.internal.tasks.testing.worker.TestWorker
[Test worker] WARN net.thucydides.core.reflection.StackTraceAnalyser - Failed to load class during Stack analysis: org.gradle.internal.dispatch.ReflectionDispatch
[Test worker] WARN net.thucydides.core.reflection.StackTraceAnalyser - Failed to load class during Stack analysis: org.gradle.internal.dispatch.ReflectionDispatch
[Test worker] WARN net.thucydides.core.reflection.StackTraceAnalyser - Failed to load class during Stack analysis: org.gradle.internal.remote.internal.hub.MessageHubBackedObjectConnection$DispatchWrapper
[Test worker] WARN net.thucydides.core.reflection.StackTraceAnalyser - Failed to load class during Stack analysis: org.gradle.internal.remote.internal.hub.MessageHubBackedObjectConnection$DispatchWrapper
[Test worker] WARN net.thucydides.core.reflection.StackTraceAnalyser - Failed to load class during Stack analysis: org.gradle.internal.remote.internal.hub.MessageHub$Handler
[Test worker] WARN net.thucydides.core.reflection.StackTraceAnalyser - Failed to load class during Stack analysis: org.gradle.internal.concurrent.ExecutorPolicy$CatchAndRecordFailures
[Test worker] WARN net.thucydides.core.reflection.StackTraceAnalyser - Failed to load class during Stack analysis: org.gradle.internal.concurrent.StoppableExecutorImpl$1
[Test worker] WARN net.thucydides.core.reflection.StackTraceAnalyser - Failed to load class during Stack analysis: org.gradle.internal.concurrent.ThreadFactoryImpl$ManagedThreadRunnable
[Test worker] INFO net.thucydides.core.steps.StepInterceptor - STARTING STEP: SearchSteps.iAmOnIMDBHomePage - isOnTheHomePage
Starting ChromeDriver 2.33.506106 (8a06c39c4582fbfbab6966dbb1c38a9173bfb1a2) on port 32626
Only local connections are allowed.
[Test worker] WARN net.thucydides.core.reflection.StackTraceAnalyser - Failed to load class during Stack analysis: org.gradle.api.internal.tasks.testing.junit.JUnitTestClassExecuter
[Test worker] WARN net.thucydides.core.reflection.StackTraceAnalyser - Failed to load class during Stack analysis: org.gradle.api.internal.tasks.testing.junit.JUnitTestClassExecuter
[Test worker] WARN net.thucydides.core.reflection.StackTraceAnalyser - Failed to load class during Stack analysis: org.gradle.api.internal.tasks.testing.junit.JUnitTestClassProcessor
[Test worker] WARN net.thucydides.core.reflection.StackTraceAnalyser - Failed to load class during Stack analysis: org.gradle.api.internal.tasks.testing.SuiteTestClassProcessor
[Test worker] WARN net.thucydides.core.reflection.StackTraceAnalyser - Failed to load class during Stack analysis: org.gradle.internal.dispatch.ReflectionDispatch
[Test worker] WARN net.thucydides.core.reflection.StackTraceAnalyser - Failed to load class during Stack analysis: org.gradle.internal.dispatch.ReflectionDispatch
[Test worker] WARN net.thucydides.core.reflection.StackTraceAnalyser - Failed to load class during Stack analysis: org.gradle.internal.dispatch.ContextClassLoaderDispatch
[Test worker] WARN net.thucydides.core.reflection.StackTraceAnalyser - Failed to load class during Stack analysis: org.gradle.internal.dispatch.ProxyDispatchAdapter$DispatchingInvocationHandler
[Test worker] WARN net.thucydides.core.reflection.StackTraceAnalyser - Failed to load class during Stack analysis: com.sun.proxy.$Proxy3
[Test worker] WARN net.thucydides.core.reflection.StackTraceAnalyser - Failed to load class during Stack analysis: org.gradle.api.internal.tasks.testing.worker.TestWorker
[Test worker] WARN net.thucydides.core.reflection.StackTraceAnalyser - Failed to load class during Stack analysis: org.gradle.internal.dispatch.ReflectionDispatch
[Test worker] WARN net.thucydides.core.reflection.StackTraceAnalyser - Failed to load class during Stack analysis: org.gradle.internal.dispatch.ReflectionDispatch
[Test worker] WARN net.thucydides.core.reflection.StackTraceAnalyser - Failed to load class during Stack analysis: org.gradle.internal.remote.internal.hub.MessageHubBackedObjectConnection$DispatchWrapper
[Test worker] WARN net.thucydides.core.reflection.StackTraceAnalyser - Failed to load class during Stack analysis: org.gradle.internal.remote.internal.hub.MessageHubBackedObjectConnection$DispatchWrapper
[Test worker] WARN net.thucydides.core.reflection.StackTraceAnalyser - Failed to load class during Stack analysis: org.gradle.internal.remote.internal.hub.MessageHub$Handler
[Test worker] WARN net.thucydides.core.reflection.StackTraceAnalyser - Failed to load class during Stack analysis: org.gradle.internal.concurrent.ExecutorPolicy$CatchAndRecordFailures
[Test worker] WARN net.thucydides.core.reflection.StackTraceAnalyser - Failed to load class during Stack analysis: org.gradle.internal.concurrent.StoppableExecutorImpl$1
[Test worker] WARN net.thucydides.core.reflection.StackTraceAnalyser - Failed to load class during Stack analysis: org.gradle.internal.concurrent.ThreadFactoryImpl$ManagedThreadRunnable
[Test worker] WARN net.thucydides.core.reflection.StackTraceAnalyser - Failed to load class during Stack analysis: org.gradle.api.internal.tasks.testing.junit.JUnitTestClassExecuter
[Test worker] WARN net.thucydides.core.reflection.StackTraceAnalyser - Failed to load class during Stack analysis: org.gradle.api.internal.tasks.testing.junit.JUnitTestClassExecuter
[Test worker] WARN net.thucydides.core.reflection.StackTraceAnalyser - Failed to load class during Stack analysis: org.gradle.api.internal.tasks.testing.junit.JUnitTestClassProcessor
[Test worker] WARN net.thucydides.core.reflection.StackTraceAnalyser - Failed to load class during Stack analysis: org.gradle.api.internal.tasks.testing.SuiteTestClassProcessor
[Test worker] WARN net.thucydides.core.reflection.StackTraceAnalyser - Failed to load class during Stack analysis: org.gradle.internal.dispatch.ReflectionDispatch
[Test worker] WARN net.thucydides.core.reflection.StackTraceAnalyser - Failed to load class during Stack analysis: org.gradle.internal.dispatch.ReflectionDispatch
[Test worker] WARN net.thucydides.core.reflection.StackTraceAnalyser - Failed to load class during Stack analysis: org.gradle.internal.dispatch.ContextClassLoaderDispatch
[Test worker] WARN net.thucydides.core.reflection.StackTraceAnalyser - Failed to load class during Stack analysis: org.gradle.internal.dispatch.ProxyDispatchAdapter$DispatchingInvocationHandler
[Test worker] WARN net.thucydides.core.reflection.StackTraceAnalyser - Failed to load class during Stack analysis: com.sun.proxy.$Proxy3
[Test worker] WARN net.thucydides.core.reflection.StackTraceAnalyser - Failed to load class during Stack analysis: org.gradle.api.internal.tasks.testing.worker.TestWorker
[Test worker] WARN net.thucydides.core.reflection.StackTraceAnalyser - Failed to load class during Stack analysis: org.gradle.internal.dispatch.ReflectionDispatch
[Test worker] WARN net.thucydides.core.reflection.StackTraceAnalyser - Failed to load class during Stack analysis: org.gradle.internal.dispatch.ReflectionDispatch
[Test worker] WARN net.thucydides.core.reflection.StackTraceAnalyser - Failed to load class during Stack analysis: org.gradle.internal.remote.internal.hub.MessageHubBackedObjectConnection$DispatchWrapper
[Test worker] WARN net.thucydides.core.reflection.StackTraceAnalyser - Failed to load class during Stack analysis: org.gradle.internal.remote.internal.hub.MessageHubBackedObjectConnection$DispatchWrapper
[Test worker] WARN net.thucydides.core.reflection.StackTraceAnalyser - Failed to load class during Stack analysis: org.gradle.internal.remote.internal.hub.MessageHub$Handler
[Test worker] WARN net.thucydides.core.reflection.StackTraceAnalyser - Failed to load class during Stack analysis: org.gradle.internal.concurrent.ExecutorPolicy$CatchAndRecordFailures
[Test worker] WARN net.thucydides.core.reflection.StackTraceAnalyser - Failed to load class during Stack analysis: org.gradle.internal.concurrent.StoppableExecutorImpl$1
[Test worker] WARN net.thucydides.core.reflection.StackTraceAnalyser - Failed to load class during Stack analysis: org.gradle.internal.concurrent.ThreadFactoryImpl$ManagedThreadRunnable
[Test worker] INFO net.thucydides.core.steps.StepInterceptor - STEP DONE: isOnTheHomePage
]]></system-err>
</testsuite>
